  main.cpp
D:\BITS_FEES\3-1\Comp Geo\CG-A1\main.cpp(122,34): warning C4244: 'argument': conversion from 'int' to 'float', possible loss of data
D:\BITS_FEES\3-1\Comp Geo\CG-A1\main.cpp(122,29): warning C4244: 'argument': conversion from 'int' to 'float', possible loss of data
D:\BITS_FEES\3-1\Comp Geo\CG-A1\main.cpp(122,24): warning C4244: 'argument': conversion from 'int' to 'float', possible loss of data
D:\BITS_FEES\3-1\Comp Geo\CG-A1\main.cpp(122,19): warning C4244: 'argument': conversion from 'int' to 'float', possible loss of data
D:\BITS_FEES\3-1\Comp Geo\CG-A1\main.cpp(127,30): warning C4244: 'argument': conversion from 'int' to 'float', possible loss of data
D:\BITS_FEES\3-1\Comp Geo\CG-A1\main.cpp(127,25): warning C4244: 'argument': conversion from 'int' to 'float', possible loss of data
D:\BITS_FEES\3-1\Comp Geo\CG-A1\main.cpp(127,20): warning C4244: 'argument': conversion from 'int' to 'float', possible loss of data
D:\BITS_FEES\3-1\Comp Geo\CG-A1\main.cpp(127,15): warning C4244: 'argument': conversion from 'int' to 'float', possible loss of data
D:\BITS_FEES\3-1\Comp Geo\CG-A1\main.cpp(164,30): warning C4244: 'argument': conversion from 'int' to 'GLfloat', possible loss of data
  point.cpp
  Generating Code...
main.obj : error LNK2019: unresolved external symbol __imp_glewInit referenced in function main
main.obj : error LNK2019: unresolved external symbol __imp_glutInitWindowSize referenced in function main
main.obj : error LNK2019: unresolved external symbol __imp_glutInitDisplayMode referenced in function main
main.obj : error LNK2019: unresolved external symbol __imp_glutMainLoop referenced in function main
main.obj : error LNK2019: unresolved external symbol __imp_glutSwapBuffers referenced in function "void __cdecl render(void)" (?render@@YAXXZ)
main.obj : error LNK2019: unresolved external symbol __imp_glutReshapeFunc referenced in function main
main.obj : error LNK2019: unresolved external symbol __imp_glutDisplayFunc referenced in function main
main.obj : error LNK2019: unresolved external symbol __imp___glutInitWithExit referenced in function glutInit_ATEXIT_HACK
main.obj : error LNK2019: unresolved external symbol __imp___glutCreateWindowWithExit referenced in function glutCreateWindow_ATEXIT_HACK
D:\C++ Visualization\Glew and Glut\freeglut\lib\freeglut.lib : warning LNK4272: library machine type 'x86' conflicts with target machine type 'x64'
D:\C++ Visualization\Glew and Glut\glew-1.11.0\lib\glew32.lib : warning LNK4272: library machine type 'x86' conflicts with target machine type 'x64'
D:\BITS_FEES\3-1\Comp Geo\CG-A1\x64\Debug\CG-A1.exe : fatal error LNK1120: 9 unresolved externals
